2023-02-24 07:14:07 : Vista no encontradaNotFoundController
2023-02-24 07:48:50 : Vista no encontradaNotFoundController
2023-02-24 07:48:54 : Vista no encontradaNotFoundController
2023-02-24 07:49:02 : Vista no encontradaNotFoundController
2023-02-24 07:49:03 : Vista no encontradaNotFoundController
2023-02-24 07:49:12 : Vista no encontradaNotFoundController
2023-02-24 07:49:16 : Vista no encontradaNotFoundController
2023-02-24 09:43:10 : Vista no encontradaNotFoundController
2023-02-24 09:43:11 : Vista no encontradaNotFoundController
2023-02-24 09:54:52 : Vista no encontradaNotFoundController
2023-02-24 09:54:53 : Vista no encontradaNotFoundController
2023-02-24 09:55:21 : Vista no encontradaNotFoundController
2023-02-24 09:55:30 : Vista no encontradaNotFoundController
2023-02-24 09:55:30 : Vista no encontradaNotFoundController
2023-02-24 09:55:30 : Vista no encontradaNotFoundController
2023-02-24 09:55:30 : Vista no encontradaNotFoundController
2023-02-24 09:55:30 : Vista no encontradaNotFoundController
2023-02-24 09:55:31 : Vista no encontradaNotFoundController
2023-02-24 09:55:31 : Vista no encontradaNotFoundController
2023-02-24 09:55:31 : Vista no encontradaNotFoundController
2023-02-24 09:55:31 : Vista no encontradaNotFoundController
2023-02-24 09:55:31 : Vista no encontradaNotFoundController
2023-02-24 09:55:31 : Vista no encontradaNotFoundController
2023-02-24 09:55:31 : Vista no encontradaNotFoundController
2023-02-24 09:55:31 : Vista no encontradaNotFoundController
2023-02-24 09:55:31 : Vista no encontradaNotFoundController
2023-02-24 09:55:31 : Vista no encontradaNotFoundController
2023-02-24 09:55:31 : Vista no encontradaNotFoundController
2023-02-24 09:55:31 : Vista no encontradaNotFoundController
<<<<<<< Updated upstream
2023-02-26 22:18:32 : Vista no encontradaNotFoundController
2023-02-26 22:18:32 : Vista no encontradaNotFoundController
2023-02-26 22:18:32 : Vista no encontradaNotFoundController
2023-02-26 22:18:32 : Vista no encontradaNotFoundController
2023-02-26 22:18:32 : Vista no encontradaNotFoundController
2023-02-26 22:18:32 : Vista no encontradaNotFoundController
2023-02-26 22:18:32 : Vista no encontradaNotFoundController
2023-02-26 22:18:32 : Vista no encontradaNotFoundController
2023-02-26 22:18:32 : Vista no encontradaNotFoundController
2023-02-26 22:18:33 : Vista no encontradaNotFoundController
2023-02-26 22:18:33 : Vista no encontradaNotFoundController
2023-02-26 22:18:33 : Vista no encontradaNotFoundController
2023-02-26 22:18:33 : Vista no encontradaNotFoundController
2023-02-26 22:18:33 : Vista no encontradaNotFoundController
2023-02-26 22:18:33 : Vista no encontradaNotFoundController
2023-02-26 22:18:33 : Vista no encontradaNotFoundController
2023-02-26 22:18:33 : Vista no encontradaNotFoundController
2023-02-26 22:18:38 : Vista no encontradaNotFoundController
2023-02-26 22:18:39 : Vista no encontradaNotFoundController
2023-02-26 22:18:44 : Vista no encontradaNotFoundController
2023-02-27 00:22:20 : Vista no encontradaNotFoundController
2023-02-27 00:25:33 : Vista no encontradaNotFoundController
2023-02-27 00:25:42 : Vista no encontradaNotFoundController
2023-02-27 00:25:55 : Vista no encontradaNotFoundController
2023-02-27 00:25:56 : Vista no encontradaNotFoundController
2023-02-27 00:26:51 : Vista no encontradaNotFoundController
2023-02-27 00:26:52 : Vista no encontradaNotFoundController
2023-02-27 00:28:39 : Vista no encontradaNotFoundController
2023-02-27 00:51:42 : Vista no encontradaNotFoundController
2023-02-27 00:52:28 : Vista no encontradaNotFoundController
2023-02-27 00:52:31 : Vista no encontradaNotFoundController
2023-02-27 00:58:39 : Vista no encontradaNotFoundController
2023-02-27 00:58:48 : Vista no encontradaNotFoundController
2023-02-27 00:59:04 : Vista no encontradaNotFoundController
2023-02-27 00:59:04 : Vista no encontradaNotFoundController
2023-02-27 01:00:16 : Vista no encontradaNotFoundController
2023-02-27 01:00:17 : Vista no encontradaNotFoundController
2023-02-27 01:00:18 : Vista no encontradaNotFoundController
2023-02-27 01:00:36 : Vista no encontradaNotFoundController
2023-02-27 01:01:22 : Vista no encontradaNotFoundController
2023-02-27 01:01:23 : Vista no encontradaNotFoundController
2023-02-27 01:03:01 : Vista no encontradaNotFoundController
2023-02-27 01:03:02 : Vista no encontradaNotFoundController
2023-02-27 01:03:10 : Vista no encontradaNotFoundController
2023-02-27 01:03:37 : Vista no encontradaNotFoundController
2023-02-27 01:04:36 : Vista no encontradaNotFoundController
2023-02-27 01:04:56 : Vista no encontradaNotFoundController
2023-02-27 01:05:23 : Vista no encontradaNotFoundController
2023-02-27 01:07:43 : Vista no encontradaNotFoundController
2023-02-27 01:09:38 : Vista no encontradaNotFoundController
2023-02-27 01:10:06 : Vista no encontradaNotFoundController
2023-02-27 01:12:03 : Vista no encontradaNotFoundController
2023-02-27 01:12:38 : Vista no encontradaNotFoundController
2023-02-27 01:15:56 : Vista no encontradaNotFoundController
2023-02-27 01:15:56 : Vista no encontradaNotFoundController
2023-02-27 01:16:17 : Vista no encontradaNotFoundController
2023-02-27 01:16:18 : Vista no encontradaNotFoundController
2023-02-27 01:16:56 : Vista no encontradaNotFoundController
2023-02-27 01:16:57 : Vista no encontradaNotFoundController
2023-02-27 01:16:59 : Vista no encontradaNotFoundController
2023-02-27 01:17:00 : Vista no encontradaNotFoundController
2023-02-27 01:17:26 : Vista no encontradaNotFoundController
2023-02-27 01:17:27 : Vista no encontradaNotFoundController
2023-02-27 01:18:29 : Vista no encontradaNotFoundController
2023-02-27 01:18:29 : Vista no encontradaNotFoundController
2023-02-27 01:19:28 : Vista no encontradaNotFoundController
2023-02-27 01:19:29 : Vista no encontradaNotFoundController
2023-02-27 01:20:02 : Vista no encontradaNotFoundController
2023-02-27 01:20:03 : Vista no encontradaNotFoundController
2023-02-27 01:21:33 : Vista no encontradaNotFoundController
2023-02-27 01:21:34 : Vista no encontradaNotFoundController
2023-02-27 01:21:36 : Vista no encontradaNotFoundController
2023-02-27 01:21:39 : Vista no encontradaNotFoundController
2023-02-27 01:21:40 : Vista no encontradaNotFoundController
2023-02-27 01:21:41 : Vista no encontradaNotFoundController
2023-02-27 01:24:34 : Vista no encontradaNotFoundController
2023-02-27 01:24:35 : Vista no encontradaNotFoundController
2023-02-27 01:25:22 : Vista no encontradaNotFoundController
2023-02-27 01:25:22 : Vista no encontradaNotFoundController
2023-02-27 01:26:59 : Vista no encontradaNotFoundController
2023-02-27 01:26:59 : Vista no encontradaNotFoundController
2023-02-27 01:28:27 : Vista no encontradaNotFoundController
2023-02-27 01:28:27 : Vista no encontradaNotFoundController
2023-02-27 01:29:55 : Vista no encontradaNotFoundController
2023-02-27 01:29:56 : Vista no encontradaNotFoundController
2023-02-27 01:32:55 : Vista no encontradaNotFoundController
2023-02-27 01:32:55 : Vista no encontradaNotFoundController
2023-02-27 01:33:29 : Vista no encontradaNotFoundController
2023-02-27 01:33:29 : Vista no encontradaNotFoundController
2023-02-27 01:34:12 : Vista no encontradaNotFoundController
2023-02-27 01:34:12 : Vista no encontradaNotFoundController
2023-02-27 03:10:29 : Vista no encontradaNotFoundController
2023-02-27 03:10:29 : Vista no encontradaNotFoundController
2023-02-27 03:10:35 : Vista no encontradaNotFoundController
2023-02-27 03:10:36 : Vista no encontradaNotFoundController
2023-02-27 03:10:50 : Vista no encontradaNotFoundController
2023-02-27 03:11:06 : Vista no encontradaNotFoundController
2023-02-27 03:11:14 : Vista no encontradaNotFoundController
2023-02-27 03:11:35 : Vista no encontradaNotFoundController
2023-02-27 03:11:35 : Vista no encontradaNotFoundController
2023-02-27 03:11:46 : Vista no encontradaNotFoundController
2023-02-27 03:13:19 : Vista no encontradaNotFoundController
2023-02-27 03:13:20 : Vista no encontradaNotFoundController
2023-02-27 03:13:31 : Vista no encontradaNotFoundController
2023-02-27 03:15:13 : Vista no encontradaNotFoundController
2023-02-27 03:15:13 : Vista no encontradaNotFoundController
2023-02-27 03:15:22 : Vista no encontradaNotFoundController
2023-02-27 03:17:49 : Vista no encontradaNotFoundController
2023-02-27 03:17:49 : Vista no encontradaNotFoundController
2023-02-27 03:18:02 : Vista no encontradaNotFoundController
2023-02-27 03:21:15 : Vista no encontradaNotFoundController
2023-02-27 03:21:16 : Vista no encontradaNotFoundController
2023-02-27 03:21:23 : Vista no encontradaNotFoundController
2023-02-27 03:22:13 : Vista no encontradaNotFoundController
2023-02-27 03:22:14 : Vista no encontradaNotFoundController
2023-02-27 03:22:22 : Vista no encontradaNotFoundController
2023-02-27 03:24:56 : Vista no encontradaNotFoundController
2023-02-27 03:24:57 : Vista no encontradaNotFoundController
2023-02-27 03:25:05 : Vista no encontradaNotFoundController
2023-02-27 03:34:40 : Vista no encontradaNotFoundController
2023-02-27 03:34:41 : Vista no encontradaNotFoundController
2023-02-27 03:34:50 : Vista no encontradaNotFoundController
2023-02-27 03:36:25 : Vista no encontradaNotFoundController
2023-02-27 03:36:25 : Vista no encontradaNotFoundController
2023-02-27 03:36:37 : Vista no encontradaNotFoundController
2023-02-27 03:37:08 : Vista no encontradaNotFoundController
2023-02-27 03:37:08 : Vista no encontradaNotFoundController
2023-02-27 03:37:18 : Vista no encontradaNotFoundController
2023-02-27 03:40:57 : Vista no encontradaNotFoundController
2023-02-27 03:40:58 : Vista no encontradaNotFoundController
2023-02-27 03:41:09 : Vista no encontradaNotFoundController
2023-02-27 03:43:16 : Vista no encontradaNotFoundController
2023-02-27 03:43:16 : Vista no encontradaNotFoundController
2023-02-27 03:43:24 : Vista no encontradaNotFoundController
2023-02-27 03:45:12 : Vista no encontradaNotFoundController
2023-02-27 03:45:13 : Vista no encontradaNotFoundController
2023-02-27 03:45:20 : Vista no encontradaNotFoundController
2023-02-27 03:45:50 : Vista no encontradaNotFoundController
2023-02-27 03:45:51 : Vista no encontradaNotFoundController
2023-02-27 03:46:02 : Vista no encontradaNotFoundController
2023-02-27 03:55:00 : Vista no encontradaNotFoundController
2023-02-27 03:55:01 : Vista no encontradaNotFoundController
2023-02-27 03:55:11 : Vista no encontradaNotFoundController
2023-02-27 03:55:37 : Vista no encontradaNotFoundController
2023-02-27 03:55:37 : Vista no encontradaNotFoundController
2023-02-27 03:55:47 : Vista no encontradaNotFoundController
2023-02-27 03:56:02 : Vista no encontradaNotFoundController
2023-02-27 03:56:02 : Vista no encontradaNotFoundController
2023-02-27 03:56:10 : Vista no encontradaNotFoundController
2023-02-27 03:57:03 : Vista no encontradaNotFoundController
2023-02-27 03:57:04 : Vista no encontradaNotFoundController
2023-02-27 03:57:12 : Vista no encontradaNotFoundController
2023-02-27 04:00:08 : Vista no encontradaNotFoundController
2023-02-27 04:00:08 : Vista no encontradaNotFoundController
2023-02-27 04:00:19 : Vista no encontradaNotFoundController
2023-02-27 04:00:35 : Vista no encontradaNotFoundController
2023-02-27 04:00:36 : Vista no encontradaNotFoundController
2023-02-27 04:01:46 : Vista no encontradaNotFoundController
2023-02-27 04:01:46 : Vista no encontradaNotFoundController
2023-02-27 04:01:56 : Vista no encontradaNotFoundController
2023-02-27 04:02:09 : Vista no encontradaNotFoundController
2023-02-27 04:02:10 : Vista no encontradaNotFoundController
2023-02-27 04:02:21 : Vista no encontradaNotFoundController
2023-02-27 04:03:43 : Vista no encontradaNotFoundController
2023-02-27 04:03:43 : Vista no encontradaNotFoundController
2023-02-27 04:03:51 : Vista no encontradaNotFoundController
2023-02-27 04:08:13 : Vista no encontradaNotFoundController
2023-02-27 04:08:14 : Vista no encontradaNotFoundController
2023-02-27 04:08:23 : Vista no encontradaNotFoundController
2023-02-27 04:08:42 : Vista no encontradaNotFoundController
2023-02-27 04:08:42 : Vista no encontradaNotFoundController
2023-02-27 04:08:53 : Vista no encontradaNotFoundController
2023-02-27 04:10:53 : Vista no encontradaNotFoundController
2023-02-27 04:10:53 : Vista no encontradaNotFoundController
2023-02-27 04:11:04 : Vista no encontradaNotFoundController
2023-02-27 04:11:08 : Vista no encontradaNotFoundController
2023-02-27 04:11:33 : Vista no encontradaNotFoundController
2023-02-27 04:12:02 : Vista no encontradaNotFoundController
2023-02-27 04:12:03 : Vista no encontradaNotFoundController
2023-02-27 04:12:11 : Vista no encontradaNotFoundController
2023-02-27 04:13:25 : Vista no encontradaNotFoundController
2023-02-27 04:15:57 : Vista no encontradaNotFoundController
2023-02-27 04:17:05 : Vista no encontradaNotFoundController
2023-02-27 04:17:58 : Vista no encontradaNotFoundController
2023-02-27 04:17:59 : Vista no encontradaNotFoundController
2023-02-27 04:18:15 : Vista no encontradaNotFoundController
2023-02-27 04:18:32 : Vista no encontradaNotFoundController
2023-02-27 04:19:06 : Vista no encontradaNotFoundController
2023-02-27 04:19:09 : Vista no encontradaNotFoundController
2023-02-27 04:19:10 : Vista no encontradaNotFoundController
2023-02-27 04:19:16 : Vista no encontradaNotFoundController
2023-02-27 04:19:20 : Vista no encontradaNotFoundController
2023-02-27 04:19:46 : Vista no encontradaNotFoundController
2023-02-27 04:19:46 : Vista no encontradaNotFoundController
2023-02-27 04:19:56 : Vista no encontradaNotFoundController
2023-02-27 04:22:27 : Vista no encontradaNotFoundController
2023-02-27 04:22:27 : Vista no encontradaNotFoundController
2023-02-27 04:22:36 : Vista no encontradaNotFoundController
2023-02-27 04:24:26 : Vista no encontradaNotFoundController
2023-02-27 04:24:26 : Vista no encontradaNotFoundController
2023-02-27 04:24:35 : Vista no encontradaNotFoundController
2023-02-27 04:30:32 : Vista no encontradaNotFoundController
2023-02-27 04:32:15 : Vista no encontradaNotFoundController
2023-02-27 04:33:51 : Vista no encontradaNotFoundController
2023-02-27 04:33:51 : Vista no encontradaNotFoundController
2023-02-27 04:34:02 : Vista no encontradaNotFoundController
2023-02-27 04:34:13 : Vista no encontradaNotFoundController
2023-02-27 04:35:27 : Vista no encontradaNotFoundController
2023-02-27 04:35:28 : Vista no encontradaNotFoundController
2023-02-27 04:35:52 : Vista no encontradaNotFoundController
2023-02-27 04:35:53 : Vista no encontradaNotFoundController
2023-02-27 04:36:20 : Vista no encontradaNotFoundController
2023-02-27 04:36:20 : Vista no encontradaNotFoundController
2023-02-27 04:36:54 : Vista no encontradaNotFoundController
2023-02-27 04:37:04 : Vista no encontradaNotFoundController
2023-02-27 04:38:08 : Vista no encontradaNotFoundController
2023-02-27 04:38:08 : Vista no encontradaNotFoundController
2023-02-27 04:38:13 : Vista no encontradaNotFoundController
2023-02-27 04:38:57 : Vista no encontradaNotFoundController
2023-02-27 04:39:44 : Vista no encontradaNotFoundController
2023-02-27 04:41:50 : Vista no encontradaNotFoundController
2023-02-27 04:50:13 : Vista no encontradaNotFoundController
2023-02-27 04:50:13 : Vista no encontradaNotFoundController
2023-02-27 04:50:18 : Vista no encontradaNotFoundController
2023-02-27 04:50:21 : Vista no encontradaNotFoundController
2023-02-27 04:54:56 : Vista no encontradaNotFoundController
2023-02-27 04:54:58 : Vista no encontradaNotFoundController
2023-02-27 04:55:05 : Vista no encontradaNotFoundController
2023-02-27 04:55:11 : Vista no encontradaNotFoundController
2023-02-27 04:59:45 : Vista no encontradaNotFoundController
2023-02-27 04:59:45 : Vista no encontradaNotFoundController
2023-02-27 04:59:57 : Vista no encontradaNotFoundController
2023-02-27 05:00:17 : Vista no encontradaNotFoundController
2023-02-27 05:00:18 : Vista no encontradaNotFoundController
2023-02-27 05:00:28 : Vista no encontradaNotFoundController
2023-02-27 05:02:04 : Vista no encontradaNotFoundController
2023-02-27 05:02:04 : Vista no encontradaNotFoundController
2023-02-27 05:02:12 : Vista no encontradaNotFoundController
2023-02-27 05:02:14 : Vista no encontradaNotFoundController
2023-02-27 05:02:14 : Vista no encontradaNotFoundController
2023-02-27 05:02:14 : Vista no encontradaNotFoundController
2023-02-27 05:02:14 : Vista no encontradaNotFoundController
2023-02-27 05:02:14 : Vista no encontradaNotFoundController
2023-02-27 05:02:47 : Vista no encontradaNotFoundController
2023-02-27 05:02:48 : Vista no encontradaNotFoundController
2023-02-27 05:02:58 : Vista no encontradaNotFoundController
2023-02-27 05:03:01 : Vista no encontradaNotFoundController
2023-02-27 05:03:12 : Vista no encontradaNotFoundController
2023-02-27 05:07:10 : Vista no encontradaNotFoundController
2023-02-27 05:07:10 : Vista no encontradaNotFoundController
2023-02-27 05:07:18 : Vista no encontradaNotFoundController
2023-02-27 05:14:30 : Vista no encontradaNotFoundController
2023-02-27 05:15:59 : Vista no encontradaNotFoundController
2023-02-27 05:16:00 : Vista no encontradaNotFoundController
2023-02-27 05:16:12 : Vista no encontradaNotFoundController
2023-02-27 05:16:36 : Vista no encontradaNotFoundController
2023-02-27 05:16:37 : Vista no encontradaNotFoundController
2023-02-27 05:17:01 : Vista no encontradaNotFoundController
2023-02-27 05:20:01 : Vista no encontradaNotFoundController
2023-02-27 05:20:01 : Vista no encontradaNotFoundController
2023-02-27 05:20:16 : Vista no encontradaNotFoundController
2023-02-27 05:20:17 : Vista no encontradaNotFoundController
2023-02-27 05:20:17 : Vista no encontradaNotFoundController
2023-02-27 05:20:17 : Vista no encontradaNotFoundController
2023-02-27 05:20:17 : Vista no encontradaNotFoundController
2023-02-27 05:20:50 : Vista no encontradaNotFoundController
2023-02-27 05:20:51 : Vista no encontradaNotFoundController
2023-02-27 05:21:13 : Vista no encontradaNotFoundController
2023-02-27 05:23:03 : Vista no encontradaNotFoundController
2023-02-27 05:23:04 : Vista no encontradaNotFoundController
2023-02-27 05:23:15 : Vista no encontradaNotFoundController
2023-02-27 05:23:17 : Vista no encontradaNotFoundController
2023-02-27 05:25:51 : Vista no encontradaNotFoundController
2023-02-27 05:25:52 : Vista no encontradaNotFoundController
2023-02-27 05:26:03 : Vista no encontradaNotFoundController
2023-02-27 05:26:50 : Vista no encontradaNotFoundController
2023-02-27 05:26:51 : Vista no encontradaNotFoundController
2023-02-27 05:27:00 : Vista no encontradaNotFoundController
2023-02-27 05:27:04 : Vista no encontradaNotFoundController
2023-02-27 05:29:19 : Vista no encontradaNotFoundController
2023-02-27 05:29:19 : Vista no encontradaNotFoundController
2023-02-27 05:29:27 : Vista no encontradaNotFoundController
2023-02-27 05:29:28 : Vista no encontradaNotFoundController
2023-02-27 05:29:29 : Vista no encontradaNotFoundController
2023-02-27 05:50:13 : Vista no encontradaNotFoundController
2023-02-27 05:50:13 : Vista no encontradaNotFoundController
2023-02-27 05:50:20 : Vista no encontradaNotFoundController
2023-02-27 05:50:20 : Vista no encontradaNotFoundController
2023-02-27 05:50:20 : Vista no encontradaNotFoundController
2023-02-27 05:50:20 : Vista no encontradaNotFoundController
2023-02-27 05:50:20 : Vista no encontradaNotFoundController
2023-02-27 05:50:20 : Vista no encontradaNotFoundController
2023-02-27 05:50:20 : Vista no encontradaNotFoundController
2023-02-27 05:50:20 : Vista no encontradaNotFoundController
2023-02-27 05:50:20 : Vista no encontradaNotFoundController
2023-02-27 05:50:20 : Vista no encontradaNotFoundController
2023-02-27 05:50:20 : Vista no encontradaNotFoundController
2023-02-27 05:50:20 : Vista no encontradaNotFoundController
2023-02-27 05:50:20 : Vista no encontradaNotFoundController
2023-02-27 05:50:20 : Vista no encontradaNotFoundController
2023-02-27 05:50:20 : Vista no encontradaNotFoundController
2023-02-27 05:50:20 : Vista no encontradaNotFoundController
2023-02-27 05:50:21 : Vista no encontradaNotFoundController
2023-02-27 05:50:37 : Vista no encontradaNotFoundController
2023-02-27 05:50:37 : Vista no encontradaNotFoundController
2023-02-27 05:52:37 : Vista no encontradaNotFoundController
2023-02-27 05:52:45 : Vista no encontradaNotFoundController
2023-02-27 05:52:54 : Vista no encontradaNotFoundController
2023-02-27 05:53:51 : Vista no encontradaNotFoundController
2023-02-27 05:53:52 : Vista no encontradaNotFoundController
2023-02-27 05:54:15 : Vista no encontradaNotFoundController
2023-02-27 05:59:50 : Vista no encontradaNotFoundController
2023-02-27 05:59:50 : Vista no encontradaNotFoundController
2023-02-27 05:59:59 : Vista no encontradaNotFoundController
2023-02-27 06:00:00 : Vista no encontradaNotFoundController
2023-02-27 06:00:03 : Vista no encontradaNotFoundController
2023-02-27 06:00:03 : Vista no encontradaNotFoundController
2023-02-27 06:00:38 : Vista no encontradaNotFoundController
2023-02-27 06:00:39 : Vista no encontradaNotFoundController
2023-02-27 06:02:10 : Vista no encontradaNotFoundController
2023-02-27 06:02:10 : Vista no encontradaNotFoundController
2023-02-27 06:02:18 : Vista no encontradaNotFoundController
2023-02-27 06:02:18 : Vista no encontradaNotFoundController
2023-02-27 06:03:20 : Vista no encontradaNotFoundController
2023-02-27 06:03:20 : Vista no encontradaNotFoundController
2023-02-27 06:03:28 : Vista no encontradaNotFoundController
2023-02-27 06:05:41 : Vista no encontradaNotFoundController
2023-02-27 06:05:41 : Vista no encontradaNotFoundController
2023-02-27 06:05:48 : Vista no encontradaNotFoundController
2023-02-27 06:05:57 : Vista no encontradaNotFoundController
2023-02-27 06:06:28 : Vista no encontradaNotFoundController
2023-02-27 06:06:29 : Vista no encontradaNotFoundController
2023-02-27 06:10:34 : Vista no encontradaNotFoundController
2023-02-27 06:10:38 : Vista no encontradaNotFoundController
2023-02-27 06:10:38 : Vista no encontradaNotFoundController
2023-02-27 06:10:46 : Vista no encontradaNotFoundController
2023-02-27 06:17:33 : Vista no encontradaNotFoundController
2023-02-27 06:17:33 : Vista no encontradaNotFoundController
2023-02-27 06:17:45 : Vista no encontradaNotFoundController
2023-02-27 06:20:21 : Vista no encontradaNotFoundController
2023-02-27 06:20:21 : Vista no encontradaNotFoundController
2023-02-27 06:20:29 : Vista no encontradaNotFoundController
2023-02-27 06:20:40 : Vista no encontradaNotFoundController
2023-02-27 06:28:20 : Vista no encontradaNotFoundController
2023-02-27 06:28:20 : Vista no encontradaNotFoundController
2023-02-27 06:28:31 : Vista no encontradaNotFoundController
2023-02-27 06:28:33 : Vista no encontradaNotFoundController
2023-02-27 06:33:24 : Vista no encontradaNotFoundController
2023-02-27 06:33:25 : Vista no encontradaNotFoundController
2023-02-27 06:33:32 : Vista no encontradaNotFoundController
2023-02-27 06:35:22 : Vista no encontradaNotFoundController
2023-02-27 06:36:00 : Vista no encontradaNotFoundController
2023-02-27 06:36:00 : Vista no encontradaNotFoundController
2023-02-27 06:36:09 : Vista no encontradaNotFoundController
2023-02-27 06:40:03 : Vista no encontradaNotFoundController
2023-02-27 06:40:03 : Vista no encontradaNotFoundController
2023-02-27 06:40:03 : Vista no encontradaNotFoundController
2023-02-27 06:40:03 : Vista no encontradaNotFoundController
2023-02-27 06:40:04 : Vista no encontradaNotFoundController
2023-02-27 06:40:04 : Vista no encontradaNotFoundController
2023-02-27 06:40:04 : Vista no encontradaNotFoundController
2023-02-27 06:40:04 : Vista no encontradaNotFoundController
2023-02-27 06:40:04 : Vista no encontradaNotFoundController
2023-02-27 06:40:04 : Vista no encontradaNotFoundController
2023-02-27 06:40:04 : Vista no encontradaNotFoundController
2023-02-27 06:40:04 : Vista no encontradaNotFoundController
2023-02-27 06:40:04 : Vista no encontradaNotFoundController
2023-02-27 06:40:04 : Vista no encontradaNotFoundController
2023-02-27 06:40:04 : Vista no encontradaNotFoundController
2023-02-27 06:40:04 : Vista no encontradaNotFoundController
2023-02-27 06:40:08 : Vista no encontradaNotFoundController
2023-02-27 06:40:09 : Vista no encontradaNotFoundController
2023-02-27 06:40:16 : Vista no encontradaNotFoundController
2023-02-27 06:40:22 : Vista no encontradaNotFoundController
2023-02-27 06:40:28 : Vista no encontradaNotFoundController
2023-02-27 06:40:30 : Vista no encontradaNotFoundController
2023-02-27 06:40:33 : Vista no encontradaNotFoundController
2023-02-27 06:42:29 : Vista no encontradaNotFoundController
2023-02-27 06:51:13 : Vista no encontradaNotFoundController
2023-02-27 06:51:14 : Vista no encontradaNotFoundController
2023-02-27 06:51:29 : Vista no encontradaNotFoundController
2023-02-27 06:51:58 : Vista no encontradaNotFoundController
2023-02-27 06:51:58 : Vista no encontradaNotFoundController
2023-02-27 06:52:05 : Vista no encontradaNotFoundController
2023-02-27 06:52:07 : Vista no encontradaNotFoundController
2023-02-27 07:00:32 : Vista no encontradaNotFoundController
2023-02-27 07:00:33 : Vista no encontradaNotFoundController
=======
2023-02-27 16:41:46 : Vista no encontradaNotFoundController
2023-02-27 16:41:47 : Vista no encontradaNotFoundController
2023-02-27 16:43:23 : Vista no encontradaNotFoundController
2023-02-27 16:43:24 : Vista no encontradaNotFoundController
2023-02-27 16:44:31 : Vista no encontradaNotFoundController
2023-02-27 16:44:32 : Vista no encontradaNotFoundController
2023-02-27 16:45:47 : Vista no encontradaNotFoundController
2023-02-27 16:45:48 : Vista no encontradaNotFoundController
2023-02-27 16:46:12 : Vista no encontradaNotFoundController
2023-02-27 16:46:13 : Vista no encontradaNotFoundController
2023-02-27 16:47:33 : Vista no encontradaNotFoundController
2023-02-27 16:47:34 : Vista no encontradaNotFoundController
2023-02-27 16:47:59 : Vista no encontradaNotFoundController
2023-02-27 16:48:00 : Vista no encontradaNotFoundController
>>>>>>> Stashed changes
2023-02-27 16:54:59 : Vista no encontradaadmin/footer
